<?xml version="1.0" encoding="UTF-8"?>
<!-- Generated by org.testng.reporters.JUnitReportReporter -->
<testsuite hostname="CISM-I-330" failures="0" tests="20" name="testrunners.TestRunner" time="264.487" errors="0" timestamp="27 Feb 2024 13:58:08 GMT" skipped="0">
  <testcase classname="testrunners.TestRunner" name="runScenario" time="13.737"/>
  <testcase classname="testrunners.TestRunner" name="runScenario" time="11.785"/>
  <testcase classname="testrunners.TestRunner" name="runScenario" time="12.153"/>
  <testcase classname="testrunners.TestRunner" name="runScenario" time="12.590"/>
  <testcase classname="testrunners.TestRunner" name="runScenario" time="13.422"/>
  <testcase classname="testrunners.TestRunner" name="runScenario" time="14.092"/>
  <testcase classname="testrunners.TestRunner" name="runScenario" time="7.743"/>
  <testcase classname="testrunners.TestRunner" name="runScenario" time="11.209"/>
  <testcase classname="testrunners.TestRunner" name="runScenario" time="14.781"/>
  <testcase classname="testrunners.TestRunner" name="runScenario" time="17.159"/>
  <testcase classname="testrunners.TestRunner" name="runScenario" time="18.122"/>
  <testcase classname="testrunners.TestRunner" name="runScenario" time="11.313"/>
  <testcase classname="testrunners.TestRunner" name="runScenario" time="13.009"/>
  <testcase classname="testrunners.TestRunner" name="runScenario" time="13.725"/>
  <testcase classname="testrunners.TestRunner" name="runScenario" time="11.364"/>
  <testcase classname="testrunners.TestRunner" name="runScenario" time="11.589"/>
  <testcase classname="testrunners.TestRunner" name="runScenario" time="13.408"/>
  <testcase classname="testrunners.TestRunner" name="runScenario" time="23.882"/>
  <testcase classname="testrunners.TestRunner" name="runScenario" time="7.073"/>
  <testcase classname="testrunners.TestRunner" name="runScenario" time="12.331"/>
</testsuite> <!-- testrunners.TestRunner -->
