<?xml version="1.0" encoding="UTF-8"?>
<!-- Generated by org.testng.reporters.JUnitReportReporter -->
<testsuite hostname="CISM-I-330" failures="0" tests="2" name="testrunners.TestRunner" time="17.324" errors="0" timestamp="16 Feb 2024 08:43:25 GMT" skipped="0">
  <testcase classname="testrunners.TestRunner" name="runScenario" time="5.615"/>
  <testcase classname="testrunners.TestRunner" name="runScenario" time="11.709"/>
</testsuite> <!-- testrunners.TestRunner -->
