<?xml version="1.0" encoding="UTF-8"?>
<!-- Generated by org.testng.reporters.JUnitReportReporter -->
<testsuite hostname="CISM-I-330" failures="0" tests="2" name="testrunners.TestRunner" time="13.412" errors="0" timestamp="23 Feb 2024 11:53:59 GMT" skipped="0">
  <testcase classname="testrunners.TestRunner" name="runScenario" time="7.782"/>
  <testcase classname="testrunners.TestRunner" name="runScenario" time="5.630"/>
</testsuite> <!-- testrunners.TestRunner -->
