<?xml version="1.0" encoding="UTF-8"?>
<!-- Generated by org.testng.reporters.JUnitReportReporter -->
<testsuite hostname="CISM-I-330" failures="0" tests="2" name="testrunners.TestRunner" time="12.322" errors="0" timestamp="20 Feb 2024 14:01:13 GMT" skipped="0">
  <testcase classname="testrunners.TestRunner" name="runScenario" time="6.408"/>
  <testcase classname="testrunners.TestRunner" name="runScenario" time="5.914"/>
</testsuite> <!-- testrunners.TestRunner -->
