<?xml version="1.0" encoding="UTF-8"?>
<!-- Generated by org.testng.reporters.JUnitReportReporter -->
<testsuite hostname="CISM-I-330" failures="0" tests="7" name="testrunners.TestRunner" time="102.291" errors="0" timestamp="27 Feb 2024 08:58:12 GMT" skipped="0">
  <testcase classname="testrunners.TestRunner" name="runScenario" time="15.281"/>
  <testcase classname="testrunners.TestRunner" name="runScenario" time="13.991"/>
  <testcase classname="testrunners.TestRunner" name="runScenario" time="14.495"/>
  <testcase classname="testrunners.TestRunner" name="runScenario" time="14.305"/>
  <testcase classname="testrunners.TestRunner" name="runScenario" time="12.584"/>
  <testcase classname="testrunners.TestRunner" name="runScenario" time="14.192"/>
  <testcase classname="testrunners.TestRunner" name="runScenario" time="17.443"/>
</testsuite> <!-- testrunners.TestRunner -->
